<?xml version="1.0" encoding="UTF-8"?>
<!-- Generated by org.testng.reporters.JUnitReportReporter -->
<testsuite skipped="1" hostname="DESKTOP-ELE4DCA" name="com.qa.opencart.tests.ProductInfoTest" tests="7" failures="0" timestamp="20 Apr 2021 12:32:30 GMT" time="39.426" errors="0">
  <testcase name="prodcounttest" time="5.920" classname="com.qa.opencart.tests.ProductInfoTest"/>
  <testcase name="getproductinfotest" time="8.363" classname="com.qa.opencart.tests.ProductInfoTest"/>
  <testcase name="prodinfotest" time="6.970" classname="com.qa.opencart.tests.ProductInfoTest"/>
  <testcase name="prodcounttest" time="6.440" classname="com.qa.opencart.tests.ProductInfoTest"/>
  <testcase name="prodimagestest" time="6.057" classname="com.qa.opencart.tests.ProductInfoTest"/>
  <testcase name="prodcounttest" time="5.676" classname="com.qa.opencart.tests.ProductInfoTest"/>
  <testcase name="addtocarttest" classname="com.qa.opencart.tests.ProductInfoTest">
    <skipped/>
  </testcase> <!-- addtocarttest -->
</testsuite> <!-- com.qa.opencart.tests.ProductInfoTest -->
