<?xml version="1.0" encoding="UTF-8"?>
<!-- Generated by org.testng.reporters.JUnitReportReporter -->
<testsuite skipped="0" hostname="DESKTOP-ELE4DCA" name="com.qa.opencart.tests.LoginPageNegativeTests" tests="3" failures="0" timestamp="20 Apr 2021 13:50:51 GMT" time="30.571" errors="0">
  <testcase name="loginnegativetests" time="7.847" classname="com.qa.opencart.tests.LoginPageNegativeTests"/>
  <testcase name="loginnegativetests" time="10.080" classname="com.qa.opencart.tests.LoginPageNegativeTests"/>
  <testcase name="loginnegativetests" time="12.644" classname="com.qa.opencart.tests.LoginPageNegativeTests"/>
</testsuite> <!-- com.qa.opencart.tests.LoginPageNegativeTests -->
