<?xml version="1.0" encoding="UTF-8"?>
<!-- Generated by org.testng.reporters.JUnitReportReporter -->
<testsuite skipped="0" hostname="DESKTOP-ELE4DCA" name="com.qa.opencart.tests.AccountsPageTest" tests="6" failures="0" timestamp="20 Apr 2021 09:16:55 GMT" time="2.560" errors="0">
  <testcase name="getaccountlinkstest" time="0.478" classname="com.qa.opencart.tests.AccountsPageTest"/>
  <testcase name="accpageheadertest" time="0.949" classname="com.qa.opencart.tests.AccountsPageTest"/>
  <testcase name="accpagetitletest" time="0.016" classname="com.qa.opencart.tests.AccountsPageTest"/>
  <testcase name="accpageurltest" time="0.009" classname="com.qa.opencart.tests.AccountsPageTest"/>
  <testcase name="logoutlinktest" time="0.911" classname="com.qa.opencart.tests.AccountsPageTest"/>
  <testcase name="accpagesectionstest" time="0.197" classname="com.qa.opencart.tests.AccountsPageTest"/>
</testsuite> <!-- com.qa.opencart.tests.AccountsPageTest -->
