<?xml version="1.0" encoding="UTF-8"?>
<!-- Generated by org.testng.reporters.JUnitReportReporter -->
<testsuite skipped="1" hostname="DESKTOP-ELE4DCA" name="com.qa.opencart.tests.RegistrationPageTest" tests="1" failures="0" timestamp="16 Apr 2021 08:05:33 GMT" time="0.000" errors="0">
  <testcase name="userregisterationformtest" time="0.000" classname="com.qa.opencart.tests.RegistrationPageTest">
    <skipped/>
  </testcase> <!-- userregisterationformtest -->
</testsuite> <!-- com.qa.opencart.tests.RegistrationPageTest -->
