<?xml version="1.0" encoding="UTF-8"?>
<!-- Generated by org.testng.reporters.JUnitReportReporter -->
<testsuite skipped="0" hostname="DESKTOP-ELE4DCA" name="com.qa.opencart.tests.AccountInfoPageTest" tests="2" failures="0" timestamp="10 Apr 2021 07:55:36 GMT" time="0.288" errors="0">
  <testcase name="accpageinfo_titletest" time="0.072" classname="com.qa.opencart.tests.AccountInfoPageTest"/>
  <testcase name="accpageinfofirstnametest" time="0.216" classname="com.qa.opencart.tests.AccountInfoPageTest"/>
</testsuite> <!-- com.qa.opencart.tests.AccountInfoPageTest -->
